F:\ALGRITHMC++\KMPMATCHING\KMPMATCHING\DEBUG\KMPMATCHING.PCH
F:\ALGRITHMC++\KMPMATCHING\KMPMATCHING\DEBUG\STDAFX.OBJ
F:\ALGRITHMC++\KMPMATCHING\KMPMATCHING\DEBUG\VC110.PDB
F:\ALGRITHMC++\KMPMATCHING\KMPMATCHING\DEBUG\KMPMATCHING.OBJ
F:\algrithmC++\kmpMatching\kmpMatching\Debug\kmpMatching.obj
F:\algrithmC++\kmpMatching\kmpMatching\Debug\stdafx.obj
F:\algrithmC++\kmpMatching\kmpMatching\Debug\cl.command.1.tlog
F:\algrithmC++\kmpMatching\kmpMatching\Debug\CL.read.1.tlog
F:\algrithmC++\kmpMatching\kmpMatching\Debug\CL.write.1.tlog
F:\algrithmC++\kmpMatching\kmpMatching\Debug\link-cvtres.read.1.tlog
F:\algrithmC++\kmpMatching\kmpMatching\Debug\link-cvtres.write.1.tlog
F:\algrithmC++\kmpMatching\kmpMatching\Debug\link-rc.read.1.tlog
F:\algrithmC++\kmpMatching\kmpMatching\Debug\link-rc.write.1.tlog
F:\algrithmC++\kmpMatching\kmpMatching\Debug\link.4328-cvtres.read.1.tlog
F:\algrithmC++\kmpMatching\kmpMatching\Debug\link.4328-cvtres.write.1.tlog
F:\algrithmC++\kmpMatching\kmpMatching\Debug\link.4328-rc.read.1.tlog
F:\algrithmC++\kmpMatching\kmpMatching\Debug\link.4328-rc.write.1.tlog
F:\algrithmC++\kmpMatching\kmpMatching\Debug\link.4328.read.1.tlog
F:\algrithmC++\kmpMatching\kmpMatching\Debug\link.4328.write.1.tlog
F:\algrithmC++\kmpMatching\kmpMatching\Debug\link.command.1.tlog
F:\algrithmC++\kmpMatching\kmpMatching\Debug\link.read.1.tlog
F:\algrithmC++\kmpMatching\kmpMatching\Debug\link.write.1.tlog
F:\algrithmC++\kmpMatching\kmpMatching\Debug\kmpMatching.pch
F:\algrithmC++\kmpMatching\kmpMatching\Debug\vc110.idb
F:\algrithmC++\kmpMatching\kmpMatching\Debug\vc110.pdb
F:\algrithmC++\kmpMatching\Debug\kmpMatching.pdb
