F:\ALGRITHMC++\WORD LADDER(LEETCODE)\WORD LADDER(LEETCODE)\DEBUG\MAIN.OBJ
F:\ALGRITHMC++\WORD LADDER(LEETCODE)\WORD LADDER(LEETCODE)\DEBUG\VC110.PDB
F:\algrithmC++\Word Ladder(leetcode)\Word Ladder(leetcode)\Debug\main.obj
F:\algrithmC++\Word Ladder(leetcode)\Word Ladder(leetcode)\Debug\cl.command.1.tlog
F:\algrithmC++\Word Ladder(leetcode)\Word Ladder(leetcode)\Debug\CL.read.1.tlog
F:\algrithmC++\Word Ladder(leetcode)\Word Ladder(leetcode)\Debug\CL.write.1.tlog
F:\algrithmC++\Word Ladder(leetcode)\Word Ladder(leetcode)\Debug\link-cvtres.read.1.tlog
F:\algrithmC++\Word Ladder(leetcode)\Word Ladder(leetcode)\Debug\link-cvtres.write.1.tlog
F:\algrithmC++\Word Ladder(leetcode)\Word Ladder(leetcode)\Debug\link-rc.read.1.tlog
F:\algrithmC++\Word Ladder(leetcode)\Word Ladder(leetcode)\Debug\link-rc.write.1.tlog
F:\algrithmC++\Word Ladder(leetcode)\Word Ladder(leetcode)\Debug\link.3796-cvtres.read.1.tlog
F:\algrithmC++\Word Ladder(leetcode)\Word Ladder(leetcode)\Debug\link.3796-cvtres.write.1.tlog
F:\algrithmC++\Word Ladder(leetcode)\Word Ladder(leetcode)\Debug\link.3796-rc.read.1.tlog
F:\algrithmC++\Word Ladder(leetcode)\Word Ladder(leetcode)\Debug\link.3796-rc.write.1.tlog
F:\algrithmC++\Word Ladder(leetcode)\Word Ladder(leetcode)\Debug\link.3796.read.1.tlog
F:\algrithmC++\Word Ladder(leetcode)\Word Ladder(leetcode)\Debug\link.3796.write.1.tlog
F:\algrithmC++\Word Ladder(leetcode)\Word Ladder(leetcode)\Debug\link.4484-cvtres.read.1.tlog
F:\algrithmC++\Word Ladder(leetcode)\Word Ladder(leetcode)\Debug\link.4484-cvtres.write.1.tlog
F:\algrithmC++\Word Ladder(leetcode)\Word Ladder(leetcode)\Debug\link.4484-rc.read.1.tlog
F:\algrithmC++\Word Ladder(leetcode)\Word Ladder(leetcode)\Debug\link.4484-rc.write.1.tlog
F:\algrithmC++\Word Ladder(leetcode)\Word Ladder(leetcode)\Debug\link.4484.read.1.tlog
F:\algrithmC++\Word Ladder(leetcode)\Word Ladder(leetcode)\Debug\link.4484.write.1.tlog
F:\algrithmC++\Word Ladder(leetcode)\Word Ladder(leetcode)\Debug\link.5248-cvtres.read.1.tlog
F:\algrithmC++\Word Ladder(leetcode)\Word Ladder(leetcode)\Debug\link.5248-cvtres.write.1.tlog
F:\algrithmC++\Word Ladder(leetcode)\Word Ladder(leetcode)\Debug\link.5248-rc.read.1.tlog
F:\algrithmC++\Word Ladder(leetcode)\Word Ladder(leetcode)\Debug\link.5248-rc.write.1.tlog
F:\algrithmC++\Word Ladder(leetcode)\Word Ladder(leetcode)\Debug\link.5248.read.1.tlog
F:\algrithmC++\Word Ladder(leetcode)\Word Ladder(leetcode)\Debug\link.5248.write.1.tlog
F:\algrithmC++\Word Ladder(leetcode)\Word Ladder(leetcode)\Debug\link.5892-cvtres.read.1.tlog
F:\algrithmC++\Word Ladder(leetcode)\Word Ladder(leetcode)\Debug\link.5892-cvtres.write.1.tlog
F:\algrithmC++\Word Ladder(leetcode)\Word Ladder(leetcode)\Debug\link.5892-rc.read.1.tlog
F:\algrithmC++\Word Ladder(leetcode)\Word Ladder(leetcode)\Debug\link.5892-rc.write.1.tlog
F:\algrithmC++\Word Ladder(leetcode)\Word Ladder(leetcode)\Debug\link.5892.read.1.tlog
F:\algrithmC++\Word Ladder(leetcode)\Word Ladder(leetcode)\Debug\link.5892.write.1.tlog
F:\algrithmC++\Word Ladder(leetcode)\Word Ladder(leetcode)\Debug\link.7172-cvtres.read.1.tlog
F:\algrithmC++\Word Ladder(leetcode)\Word Ladder(leetcode)\Debug\link.7172-cvtres.write.1.tlog
F:\algrithmC++\Word Ladder(leetcode)\Word Ladder(leetcode)\Debug\link.7172-rc.read.1.tlog
F:\algrithmC++\Word Ladder(leetcode)\Word Ladder(leetcode)\Debug\link.7172-rc.write.1.tlog
F:\algrithmC++\Word Ladder(leetcode)\Word Ladder(leetcode)\Debug\link.7172.read.1.tlog
F:\algrithmC++\Word Ladder(leetcode)\Word Ladder(leetcode)\Debug\link.7172.write.1.tlog
F:\algrithmC++\Word Ladder(leetcode)\Word Ladder(leetcode)\Debug\link.8440-rc.read.1.tlog
F:\algrithmC++\Word Ladder(leetcode)\Word Ladder(leetcode)\Debug\link.8440-rc.write.1.tlog
F:\algrithmC++\Word Ladder(leetcode)\Word Ladder(leetcode)\Debug\link.8440.read.1.tlog
F:\algrithmC++\Word Ladder(leetcode)\Word Ladder(leetcode)\Debug\link.8440.write.1.tlog
F:\algrithmC++\Word Ladder(leetcode)\Word Ladder(leetcode)\Debug\link.9004-cvtres.read.1.tlog
F:\algrithmC++\Word Ladder(leetcode)\Word Ladder(leetcode)\Debug\link.9004-cvtres.write.1.tlog
F:\algrithmC++\Word Ladder(leetcode)\Word Ladder(leetcode)\Debug\link.9004-rc.read.1.tlog
F:\algrithmC++\Word Ladder(leetcode)\Word Ladder(leetcode)\Debug\link.9004-rc.write.1.tlog
F:\algrithmC++\Word Ladder(leetcode)\Word Ladder(leetcode)\Debug\link.9004.read.1.tlog
F:\algrithmC++\Word Ladder(leetcode)\Word Ladder(leetcode)\Debug\link.9004.write.1.tlog
F:\algrithmC++\Word Ladder(leetcode)\Word Ladder(leetcode)\Debug\link.9232-cvtres.read.1.tlog
F:\algrithmC++\Word Ladder(leetcode)\Word Ladder(leetcode)\Debug\link.9232-cvtres.write.1.tlog
F:\algrithmC++\Word Ladder(leetcode)\Word Ladder(leetcode)\Debug\link.9232-rc.read.1.tlog
F:\algrithmC++\Word Ladder(leetcode)\Word Ladder(leetcode)\Debug\link.9232-rc.write.1.tlog
F:\algrithmC++\Word Ladder(leetcode)\Word Ladder(leetcode)\Debug\link.9232.read.1.tlog
F:\algrithmC++\Word Ladder(leetcode)\Word Ladder(leetcode)\Debug\link.9232.write.1.tlog
F:\algrithmC++\Word Ladder(leetcode)\Word Ladder(leetcode)\Debug\link.9368-cvtres.read.1.tlog
F:\algrithmC++\Word Ladder(leetcode)\Word Ladder(leetcode)\Debug\link.9368-cvtres.write.1.tlog
F:\algrithmC++\Word Ladder(leetcode)\Word Ladder(leetcode)\Debug\link.9368-rc.read.1.tlog
F:\algrithmC++\Word Ladder(leetcode)\Word Ladder(leetcode)\Debug\link.9368-rc.write.1.tlog
F:\algrithmC++\Word Ladder(leetcode)\Word Ladder(leetcode)\Debug\link.9368.read.1.tlog
F:\algrithmC++\Word Ladder(leetcode)\Word Ladder(leetcode)\Debug\link.9368.write.1.tlog
F:\algrithmC++\Word Ladder(leetcode)\Word Ladder(leetcode)\Debug\link.command.1.tlog
F:\algrithmC++\Word Ladder(leetcode)\Word Ladder(leetcode)\Debug\link.read.1.tlog
F:\algrithmC++\Word Ladder(leetcode)\Word Ladder(leetcode)\Debug\link.write.1.tlog
F:\algrithmC++\Word Ladder(leetcode)\Word Ladder(leetcode)\Debug\vc110.idb
F:\algrithmC++\Word Ladder(leetcode)\Word Ladder(leetcode)\Debug\vc110.pdb
F:\algrithmC++\Word Ladder(leetcode)\Debug\Word Ladder(leetcode).pdb
