F:\ALGRITHMC++\BINARYTREELEVELORDERTRAVERSAL II(LEETCODE)\BINARYTREELEVELORDERTRAVERSAL II(LEETCODE)\DEBUG\MAIN.OBJ
F:\ALGRITHMC++\BINARYTREELEVELORDERTRAVERSAL II(LEETCODE)\BINARYTREELEVELORDERTRAVERSAL II(LEETCODE)\DEBUG\VC110.PDB
F:\algrithmC++\BinaryTreeLevelOrderTraversal II(leetcode)\BinaryTreeLevelOrderTraversal II(leetcode)\Debug\main.obj
F:\algrithmC++\BinaryTreeLevelOrderTraversal II(leetcode)\BinaryTreeLevelOrderTraversal II(leetcode)\Debug\cl.command.1.tlog
F:\algrithmC++\BinaryTreeLevelOrderTraversal II(leetcode)\BinaryTreeLevelOrderTraversal II(leetcode)\Debug\CL.read.1.tlog
F:\algrithmC++\BinaryTreeLevelOrderTraversal II(leetcode)\BinaryTreeLevelOrderTraversal II(leetcode)\Debug\CL.write.1.tlog
F:\algrithmC++\BinaryTreeLevelOrderTraversal II(leetcode)\BinaryTreeLevelOrderTraversal II(leetcode)\Debug\link-cvtres.read.1.tlog
F:\algrithmC++\BinaryTreeLevelOrderTraversal II(leetcode)\BinaryTreeLevelOrderTraversal II(leetcode)\Debug\link-cvtres.write.1.tlog
F:\algrithmC++\BinaryTreeLevelOrderTraversal II(leetcode)\BinaryTreeLevelOrderTraversal II(leetcode)\Debug\link-rc.read.1.tlog
F:\algrithmC++\BinaryTreeLevelOrderTraversal II(leetcode)\BinaryTreeLevelOrderTraversal II(leetcode)\Debug\link-rc.write.1.tlog
F:\algrithmC++\BinaryTreeLevelOrderTraversal II(leetcode)\BinaryTreeLevelOrderTraversal II(leetcode)\Debug\link.46420-rc.read.1.tlog
F:\algrithmC++\BinaryTreeLevelOrderTraversal II(leetcode)\BinaryTreeLevelOrderTraversal II(leetcode)\Debug\link.46420-rc.write.1.tlog
F:\algrithmC++\BinaryTreeLevelOrderTraversal II(leetcode)\BinaryTreeLevelOrderTraversal II(leetcode)\Debug\link.46420.read.1.tlog
F:\algrithmC++\BinaryTreeLevelOrderTraversal II(leetcode)\BinaryTreeLevelOrderTraversal II(leetcode)\Debug\link.46420.write.1.tlog
F:\algrithmC++\BinaryTreeLevelOrderTraversal II(leetcode)\BinaryTreeLevelOrderTraversal II(leetcode)\Debug\link.command.1.tlog
F:\algrithmC++\BinaryTreeLevelOrderTraversal II(leetcode)\BinaryTreeLevelOrderTraversal II(leetcode)\Debug\link.read.1.tlog
F:\algrithmC++\BinaryTreeLevelOrderTraversal II(leetcode)\BinaryTreeLevelOrderTraversal II(leetcode)\Debug\link.write.1.tlog
F:\algrithmC++\BinaryTreeLevelOrderTraversal II(leetcode)\BinaryTreeLevelOrderTraversal II(leetcode)\Debug\vc110.idb
F:\algrithmC++\BinaryTreeLevelOrderTraversal II(leetcode)\BinaryTreeLevelOrderTraversal II(leetcode)\Debug\vc110.pdb
F:\algrithmC++\BinaryTreeLevelOrderTraversal II(leetcode)\Debug\BinaryTreeLevelOrderTraversal II(leetcode).pdb
