F:\ALGRITHMC++\BINARY TREE MAXIMUM PATH SUM(LEETCODE)\BINARY TREE MAXIMUM PATH SUM(LEETCODE)\DEBUG\MAIN.OBJ
F:\ALGRITHMC++\BINARY TREE MAXIMUM PATH SUM(LEETCODE)\BINARY TREE MAXIMUM PATH SUM(LEETCODE)\DEBUG\VC110.PDB
F:\ALGRITHMC++\BINARY TREE MAXIMUM PATH SUM(LEETCODE)\DEBUG\BINARY TREE MAXIMUM PATH SUM(LEETCODE).ILK
F:\ALGRITHMC++\BINARY TREE MAXIMUM PATH SUM(LEETCODE)\DEBUG\BINARY TREE MAXIMUM PATH SUM(LEETCODE).EXE
F:\ALGRITHMC++\BINARY TREE MAXIMUM PATH SUM(LEETCODE)\DEBUG\BINARY TREE MAXIMUM PATH SUM(LEETCODE).PDB
F:\algrithmC++\Binary Tree Maximum Path Sum(leetcode)\Binary Tree Maximum Path Sum(leetcode)\Debug\main.obj
F:\algrithmC++\Binary Tree Maximum Path Sum(leetcode)\Binary Tree Maximum Path Sum(leetcode)\Debug\cl.command.1.tlog
F:\algrithmC++\Binary Tree Maximum Path Sum(leetcode)\Binary Tree Maximum Path Sum(leetcode)\Debug\CL.read.1.tlog
F:\algrithmC++\Binary Tree Maximum Path Sum(leetcode)\Binary Tree Maximum Path Sum(leetcode)\Debug\CL.write.1.tlog
F:\algrithmC++\Binary Tree Maximum Path Sum(leetcode)\Binary Tree Maximum Path Sum(leetcode)\Debug\link-cvtres.read.1.tlog
F:\algrithmC++\Binary Tree Maximum Path Sum(leetcode)\Binary Tree Maximum Path Sum(leetcode)\Debug\link-cvtres.write.1.tlog
F:\algrithmC++\Binary Tree Maximum Path Sum(leetcode)\Binary Tree Maximum Path Sum(leetcode)\Debug\link-rc.read.1.tlog
F:\algrithmC++\Binary Tree Maximum Path Sum(leetcode)\Binary Tree Maximum Path Sum(leetcode)\Debug\link-rc.write.1.tlog
F:\algrithmC++\Binary Tree Maximum Path Sum(leetcode)\Binary Tree Maximum Path Sum(leetcode)\Debug\link.command.1.tlog
F:\algrithmC++\Binary Tree Maximum Path Sum(leetcode)\Binary Tree Maximum Path Sum(leetcode)\Debug\link.read.1.tlog
F:\algrithmC++\Binary Tree Maximum Path Sum(leetcode)\Binary Tree Maximum Path Sum(leetcode)\Debug\link.write.1.tlog
F:\algrithmC++\Binary Tree Maximum Path Sum(leetcode)\Binary Tree Maximum Path Sum(leetcode)\Debug\vc110.idb
F:\algrithmC++\Binary Tree Maximum Path Sum(leetcode)\Binary Tree Maximum Path Sum(leetcode)\Debug\vc110.pdb
F:\algrithmC++\Binary Tree Maximum Path Sum(leetcode)\Debug\Binary Tree Maximum Path Sum(leetcode).pdb
F:\algrithmC++\Binary Tree Maximum Path Sum(leetcode)\Debug\Binary Tree Maximum Path Sum(leetcode).exe
F:\algrithmC++\Binary Tree Maximum Path Sum(leetcode)\Debug\Binary Tree Maximum Path Sum(leetcode).ilk
