F:\ALGRITHMC++\SURROUNDEDREGIONS(LEETCODE)\SURROUNDEDREGIONS(LEETCODE)\DEBUG\MAIN.OBJ
F:\ALGRITHMC++\SURROUNDEDREGIONS(LEETCODE)\SURROUNDEDREGIONS(LEETCODE)\DEBUG\VC110.PDB
F:\algrithmC++\SurroundedRegions(leetcode)\SurroundedRegions(leetcode)\Debug\main.obj
F:\algrithmC++\SurroundedRegions(leetcode)\SurroundedRegions(leetcode)\Debug\cl.command.1.tlog
F:\algrithmC++\SurroundedRegions(leetcode)\SurroundedRegions(leetcode)\Debug\CL.read.1.tlog
F:\algrithmC++\SurroundedRegions(leetcode)\SurroundedRegions(leetcode)\Debug\CL.write.1.tlog
F:\algrithmC++\SurroundedRegions(leetcode)\SurroundedRegions(leetcode)\Debug\link-cvtres.read.1.tlog
F:\algrithmC++\SurroundedRegions(leetcode)\SurroundedRegions(leetcode)\Debug\link-cvtres.write.1.tlog
F:\algrithmC++\SurroundedRegions(leetcode)\SurroundedRegions(leetcode)\Debug\link-rc.read.1.tlog
F:\algrithmC++\SurroundedRegions(leetcode)\SurroundedRegions(leetcode)\Debug\link-rc.write.1.tlog
F:\algrithmC++\SurroundedRegions(leetcode)\SurroundedRegions(leetcode)\Debug\link.10092-cvtres.read.1.tlog
F:\algrithmC++\SurroundedRegions(leetcode)\SurroundedRegions(leetcode)\Debug\link.10092-cvtres.write.1.tlog
F:\algrithmC++\SurroundedRegions(leetcode)\SurroundedRegions(leetcode)\Debug\link.10092-rc.read.1.tlog
F:\algrithmC++\SurroundedRegions(leetcode)\SurroundedRegions(leetcode)\Debug\link.10092-rc.write.1.tlog
F:\algrithmC++\SurroundedRegions(leetcode)\SurroundedRegions(leetcode)\Debug\link.10092.read.1.tlog
F:\algrithmC++\SurroundedRegions(leetcode)\SurroundedRegions(leetcode)\Debug\link.10092.write.1.tlog
F:\algrithmC++\SurroundedRegions(leetcode)\SurroundedRegions(leetcode)\Debug\link.9404-cvtres.read.1.tlog
F:\algrithmC++\SurroundedRegions(leetcode)\SurroundedRegions(leetcode)\Debug\link.9404-cvtres.write.1.tlog
F:\algrithmC++\SurroundedRegions(leetcode)\SurroundedRegions(leetcode)\Debug\link.9404-rc.read.1.tlog
F:\algrithmC++\SurroundedRegions(leetcode)\SurroundedRegions(leetcode)\Debug\link.9404-rc.write.1.tlog
F:\algrithmC++\SurroundedRegions(leetcode)\SurroundedRegions(leetcode)\Debug\link.9404.read.1.tlog
F:\algrithmC++\SurroundedRegions(leetcode)\SurroundedRegions(leetcode)\Debug\link.9404.write.1.tlog
F:\algrithmC++\SurroundedRegions(leetcode)\SurroundedRegions(leetcode)\Debug\link.9736-cvtres.read.1.tlog
F:\algrithmC++\SurroundedRegions(leetcode)\SurroundedRegions(leetcode)\Debug\link.9736-cvtres.write.1.tlog
F:\algrithmC++\SurroundedRegions(leetcode)\SurroundedRegions(leetcode)\Debug\link.9736-rc.read.1.tlog
F:\algrithmC++\SurroundedRegions(leetcode)\SurroundedRegions(leetcode)\Debug\link.9736-rc.write.1.tlog
F:\algrithmC++\SurroundedRegions(leetcode)\SurroundedRegions(leetcode)\Debug\link.9736.read.1.tlog
F:\algrithmC++\SurroundedRegions(leetcode)\SurroundedRegions(leetcode)\Debug\link.9736.write.1.tlog
F:\algrithmC++\SurroundedRegions(leetcode)\SurroundedRegions(leetcode)\Debug\link.command.1.tlog
F:\algrithmC++\SurroundedRegions(leetcode)\SurroundedRegions(leetcode)\Debug\link.read.1.tlog
F:\algrithmC++\SurroundedRegions(leetcode)\SurroundedRegions(leetcode)\Debug\link.write.1.tlog
F:\algrithmC++\SurroundedRegions(leetcode)\SurroundedRegions(leetcode)\Debug\vc110.idb
F:\algrithmC++\SurroundedRegions(leetcode)\SurroundedRegions(leetcode)\Debug\vc110.pdb
F:\algrithmC++\SurroundedRegions(leetcode)\Debug\SurroundedRegions(leetcode).pdb
F:\algrithmC++\SurroundedRegions(leetcode)\Debug\SurroundedRegions(leetcode).exe
F:\algrithmC++\SurroundedRegions(leetcode)\Debug\SurroundedRegions(leetcode).ilk
