F:\ALGRITHMC++\TRIANGLE(LEETCODE)\TRIANGLE(LEETCODE)\DEBUG\MAIN.OBJ
F:\ALGRITHMC++\TRIANGLE(LEETCODE)\TRIANGLE(LEETCODE)\DEBUG\VC110.PDB
F:\algrithmC++\Triangle(leetcode)\Triangle(leetcode)\Debug\main.obj
F:\algrithmC++\Triangle(leetcode)\Triangle(leetcode)\Debug\cl.command.1.tlog
F:\algrithmC++\Triangle(leetcode)\Triangle(leetcode)\Debug\CL.read.1.tlog
F:\algrithmC++\Triangle(leetcode)\Triangle(leetcode)\Debug\CL.write.1.tlog
F:\algrithmC++\Triangle(leetcode)\Triangle(leetcode)\Debug\link-cvtres.read.1.tlog
F:\algrithmC++\Triangle(leetcode)\Triangle(leetcode)\Debug\link-cvtres.write.1.tlog
F:\algrithmC++\Triangle(leetcode)\Triangle(leetcode)\Debug\link-rc.read.1.tlog
F:\algrithmC++\Triangle(leetcode)\Triangle(leetcode)\Debug\link-rc.write.1.tlog
F:\algrithmC++\Triangle(leetcode)\Triangle(leetcode)\Debug\link.61296-cvtres.read.1.tlog
F:\algrithmC++\Triangle(leetcode)\Triangle(leetcode)\Debug\link.61296-cvtres.write.1.tlog
F:\algrithmC++\Triangle(leetcode)\Triangle(leetcode)\Debug\link.61296-rc.read.1.tlog
F:\algrithmC++\Triangle(leetcode)\Triangle(leetcode)\Debug\link.61296-rc.write.1.tlog
F:\algrithmC++\Triangle(leetcode)\Triangle(leetcode)\Debug\link.61296.read.1.tlog
F:\algrithmC++\Triangle(leetcode)\Triangle(leetcode)\Debug\link.61296.write.1.tlog
F:\algrithmC++\Triangle(leetcode)\Triangle(leetcode)\Debug\link.83292-cvtres.read.1.tlog
F:\algrithmC++\Triangle(leetcode)\Triangle(leetcode)\Debug\link.83292-cvtres.write.1.tlog
F:\algrithmC++\Triangle(leetcode)\Triangle(leetcode)\Debug\link.83292-rc.read.1.tlog
F:\algrithmC++\Triangle(leetcode)\Triangle(leetcode)\Debug\link.83292-rc.write.1.tlog
F:\algrithmC++\Triangle(leetcode)\Triangle(leetcode)\Debug\link.83292.read.1.tlog
F:\algrithmC++\Triangle(leetcode)\Triangle(leetcode)\Debug\link.83292.write.1.tlog
F:\algrithmC++\Triangle(leetcode)\Triangle(leetcode)\Debug\link.86040-rc.read.1.tlog
F:\algrithmC++\Triangle(leetcode)\Triangle(leetcode)\Debug\link.86040-rc.write.1.tlog
F:\algrithmC++\Triangle(leetcode)\Triangle(leetcode)\Debug\link.86040.read.1.tlog
F:\algrithmC++\Triangle(leetcode)\Triangle(leetcode)\Debug\link.86040.write.1.tlog
F:\algrithmC++\Triangle(leetcode)\Triangle(leetcode)\Debug\link.command.1.tlog
F:\algrithmC++\Triangle(leetcode)\Triangle(leetcode)\Debug\link.read.1.tlog
F:\algrithmC++\Triangle(leetcode)\Triangle(leetcode)\Debug\link.write.1.tlog
F:\algrithmC++\Triangle(leetcode)\Triangle(leetcode)\Debug\vc110.idb
F:\algrithmC++\Triangle(leetcode)\Triangle(leetcode)\Debug\vc110.pdb
F:\algrithmC++\Triangle(leetcode)\Debug\Triangle(leetcode).pdb
