F:\ALGRITHMC++\WORD SEARCH\WORD SEARCH\DEBUG\MAIN.OBJ
F:\ALGRITHMC++\WORD SEARCH\WORD SEARCH\DEBUG\VC110.PDB
F:\algrithmC++\Word Search\Word Search\Debug\main.obj
F:\algrithmC++\Word Search\Word Search\Debug\cl.command.1.tlog
F:\algrithmC++\Word Search\Word Search\Debug\CL.read.1.tlog
F:\algrithmC++\Word Search\Word Search\Debug\CL.write.1.tlog
F:\algrithmC++\Word Search\Word Search\Debug\link-cvtres.read.1.tlog
F:\algrithmC++\Word Search\Word Search\Debug\link-cvtres.write.1.tlog
F:\algrithmC++\Word Search\Word Search\Debug\link-rc.read.1.tlog
F:\algrithmC++\Word Search\Word Search\Debug\link-rc.write.1.tlog
F:\algrithmC++\Word Search\Word Search\Debug\link.10812-cvtres.read.1.tlog
F:\algrithmC++\Word Search\Word Search\Debug\link.10812-cvtres.write.1.tlog
F:\algrithmC++\Word Search\Word Search\Debug\link.10812-rc.read.1.tlog
F:\algrithmC++\Word Search\Word Search\Debug\link.10812-rc.write.1.tlog
F:\algrithmC++\Word Search\Word Search\Debug\link.10812.read.1.tlog
F:\algrithmC++\Word Search\Word Search\Debug\link.10812.write.1.tlog
F:\algrithmC++\Word Search\Word Search\Debug\link.11016.read.1.tlog
F:\algrithmC++\Word Search\Word Search\Debug\link.11016.write.1.tlog
F:\algrithmC++\Word Search\Word Search\Debug\link.3696-cvtres.read.1.tlog
F:\algrithmC++\Word Search\Word Search\Debug\link.3696-cvtres.write.1.tlog
F:\algrithmC++\Word Search\Word Search\Debug\link.3696-rc.read.1.tlog
F:\algrithmC++\Word Search\Word Search\Debug\link.3696-rc.write.1.tlog
F:\algrithmC++\Word Search\Word Search\Debug\link.3696.read.1.tlog
F:\algrithmC++\Word Search\Word Search\Debug\link.3696.write.1.tlog
F:\algrithmC++\Word Search\Word Search\Debug\link.6660-cvtres.read.1.tlog
F:\algrithmC++\Word Search\Word Search\Debug\link.6660-cvtres.write.1.tlog
F:\algrithmC++\Word Search\Word Search\Debug\link.6660-rc.read.1.tlog
F:\algrithmC++\Word Search\Word Search\Debug\link.6660-rc.write.1.tlog
F:\algrithmC++\Word Search\Word Search\Debug\link.6660.read.1.tlog
F:\algrithmC++\Word Search\Word Search\Debug\link.6660.write.1.tlog
F:\algrithmC++\Word Search\Word Search\Debug\link.8416-cvtres.read.1.tlog
F:\algrithmC++\Word Search\Word Search\Debug\link.8416-cvtres.write.1.tlog
F:\algrithmC++\Word Search\Word Search\Debug\link.8416-rc.read.1.tlog
F:\algrithmC++\Word Search\Word Search\Debug\link.8416-rc.write.1.tlog
F:\algrithmC++\Word Search\Word Search\Debug\link.8416.read.1.tlog
F:\algrithmC++\Word Search\Word Search\Debug\link.8416.write.1.tlog
F:\algrithmC++\Word Search\Word Search\Debug\link.8612-cvtres.read.1.tlog
F:\algrithmC++\Word Search\Word Search\Debug\link.8612-cvtres.write.1.tlog
F:\algrithmC++\Word Search\Word Search\Debug\link.8612-rc.read.1.tlog
F:\algrithmC++\Word Search\Word Search\Debug\link.8612-rc.write.1.tlog
F:\algrithmC++\Word Search\Word Search\Debug\link.8612.read.1.tlog
F:\algrithmC++\Word Search\Word Search\Debug\link.8612.write.1.tlog
F:\algrithmC++\Word Search\Word Search\Debug\link.9204-cvtres.read.1.tlog
F:\algrithmC++\Word Search\Word Search\Debug\link.9204-cvtres.write.1.tlog
F:\algrithmC++\Word Search\Word Search\Debug\link.9204-rc.read.1.tlog
F:\algrithmC++\Word Search\Word Search\Debug\link.9204-rc.write.1.tlog
F:\algrithmC++\Word Search\Word Search\Debug\link.9204.read.1.tlog
F:\algrithmC++\Word Search\Word Search\Debug\link.9204.write.1.tlog
F:\algrithmC++\Word Search\Word Search\Debug\link.command.1.tlog
F:\algrithmC++\Word Search\Word Search\Debug\link.read.1.tlog
F:\algrithmC++\Word Search\Word Search\Debug\link.write.1.tlog
F:\algrithmC++\Word Search\Word Search\Debug\vc110.idb
F:\algrithmC++\Word Search\Word Search\Debug\vc110.pdb
F:\algrithmC++\Word Search\Debug\Word Search.pdb
