F:\ALGRITHMC++\RESTORE IP ADDRESSES\RESTORE IP ADDRESSES\DEBUG\MAIN.OBJ
F:\ALGRITHMC++\RESTORE IP ADDRESSES\RESTORE IP ADDRESSES\DEBUG\VC110.PDB
F:\ALGRITHMC++\RESTORE IP ADDRESSES\DEBUG\RESTORE IP ADDRESSES.ILK
F:\ALGRITHMC++\RESTORE IP ADDRESSES\DEBUG\RESTORE IP ADDRESSES.EXE
F:\ALGRITHMC++\RESTORE IP ADDRESSES\DEBUG\RESTORE IP ADDRESSES.PDB
F:\algrithmC++\Restore IP Addresses\Restore IP Addresses\Debug\main.obj
F:\algrithmC++\Restore IP Addresses\Restore IP Addresses\Debug\cl.command.1.tlog
F:\algrithmC++\Restore IP Addresses\Restore IP Addresses\Debug\CL.read.1.tlog
F:\algrithmC++\Restore IP Addresses\Restore IP Addresses\Debug\CL.write.1.tlog
F:\algrithmC++\Restore IP Addresses\Restore IP Addresses\Debug\link-cvtres.read.1.tlog
F:\algrithmC++\Restore IP Addresses\Restore IP Addresses\Debug\link-cvtres.write.1.tlog
F:\algrithmC++\Restore IP Addresses\Restore IP Addresses\Debug\link-rc.read.1.tlog
F:\algrithmC++\Restore IP Addresses\Restore IP Addresses\Debug\link-rc.write.1.tlog
F:\algrithmC++\Restore IP Addresses\Restore IP Addresses\Debug\link.command.1.tlog
F:\algrithmC++\Restore IP Addresses\Restore IP Addresses\Debug\link.read.1.tlog
F:\algrithmC++\Restore IP Addresses\Restore IP Addresses\Debug\link.write.1.tlog
F:\algrithmC++\Restore IP Addresses\Restore IP Addresses\Debug\vc110.idb
F:\algrithmC++\Restore IP Addresses\Restore IP Addresses\Debug\vc110.pdb
F:\algrithmC++\Restore IP Addresses\Debug\Restore IP Addresses.pdb
F:\algrithmC++\Restore IP Addresses\Debug\Restore IP Addresses.exe
F:\algrithmC++\Restore IP Addresses\Debug\Restore IP Addresses.ilk
