F:\ALGRITHMC++\PALIDROME（LEETCODE）\PALIDROME（LEETCODE）\DEBUG\PALIDROME（LEETCODE）.PCH
F:\ALGRITHMC++\PALIDROME（LEETCODE）\PALIDROME（LEETCODE）\DEBUG\STDAFX.OBJ
F:\ALGRITHMC++\PALIDROME（LEETCODE）\PALIDROME（LEETCODE）\DEBUG\VC110.PDB
F:\ALGRITHMC++\PALIDROME（LEETCODE）\PALIDROME（LEETCODE）\DEBUG\PALIDROME（LEETCODE）.OBJ
F:\algrithmC++\palidrome（leetcode）\palidrome（leetcode）\Debug\palidrome（leetcode）.obj
F:\algrithmC++\palidrome（leetcode）\palidrome（leetcode）\Debug\stdafx.obj
F:\algrithmC++\palidrome（leetcode）\palidrome（leetcode）\Debug\cl.command.1.tlog
F:\algrithmC++\palidrome（leetcode）\palidrome（leetcode）\Debug\CL.read.1.tlog
F:\algrithmC++\palidrome（leetcode）\palidrome（leetcode）\Debug\CL.write.1.tlog
F:\algrithmC++\palidrome（leetcode）\palidrome（leetcode）\Debug\link-cvtres.read.1.tlog
F:\algrithmC++\palidrome（leetcode）\palidrome（leetcode）\Debug\link-cvtres.write.1.tlog
F:\algrithmC++\palidrome（leetcode）\palidrome（leetcode）\Debug\link-rc.read.1.tlog
F:\algrithmC++\palidrome（leetcode）\palidrome（leetcode）\Debug\link-rc.write.1.tlog
F:\algrithmC++\palidrome（leetcode）\palidrome（leetcode）\Debug\link.3484-cvtres.read.1.tlog
F:\algrithmC++\palidrome（leetcode）\palidrome（leetcode）\Debug\link.3484-cvtres.write.1.tlog
F:\algrithmC++\palidrome（leetcode）\palidrome（leetcode）\Debug\link.3484-rc.read.1.tlog
F:\algrithmC++\palidrome（leetcode）\palidrome（leetcode）\Debug\link.3484-rc.write.1.tlog
F:\algrithmC++\palidrome（leetcode）\palidrome（leetcode）\Debug\link.3484.read.1.tlog
F:\algrithmC++\palidrome（leetcode）\palidrome（leetcode）\Debug\link.3484.write.1.tlog
F:\algrithmC++\palidrome（leetcode）\palidrome（leetcode）\Debug\link.7644-cvtres.read.1.tlog
F:\algrithmC++\palidrome（leetcode）\palidrome（leetcode）\Debug\link.7644-cvtres.write.1.tlog
F:\algrithmC++\palidrome（leetcode）\palidrome（leetcode）\Debug\link.7644-rc.read.1.tlog
F:\algrithmC++\palidrome（leetcode）\palidrome（leetcode）\Debug\link.7644-rc.write.1.tlog
F:\algrithmC++\palidrome（leetcode）\palidrome（leetcode）\Debug\link.7644.read.1.tlog
F:\algrithmC++\palidrome（leetcode）\palidrome（leetcode）\Debug\link.7644.write.1.tlog
F:\algrithmC++\palidrome（leetcode）\palidrome（leetcode）\Debug\link.8844-cvtres.read.1.tlog
F:\algrithmC++\palidrome（leetcode）\palidrome（leetcode）\Debug\link.8844-cvtres.write.1.tlog
F:\algrithmC++\palidrome（leetcode）\palidrome（leetcode）\Debug\link.8844-rc.read.1.tlog
F:\algrithmC++\palidrome（leetcode）\palidrome（leetcode）\Debug\link.8844-rc.write.1.tlog
F:\algrithmC++\palidrome（leetcode）\palidrome（leetcode）\Debug\link.8844.read.1.tlog
F:\algrithmC++\palidrome（leetcode）\palidrome（leetcode）\Debug\link.8844.write.1.tlog
F:\algrithmC++\palidrome（leetcode）\palidrome（leetcode）\Debug\link.9060-cvtres.read.1.tlog
F:\algrithmC++\palidrome（leetcode）\palidrome（leetcode）\Debug\link.9060-cvtres.write.1.tlog
F:\algrithmC++\palidrome（leetcode）\palidrome（leetcode）\Debug\link.9060-rc.read.1.tlog
F:\algrithmC++\palidrome（leetcode）\palidrome（leetcode）\Debug\link.9060-rc.write.1.tlog
F:\algrithmC++\palidrome（leetcode）\palidrome（leetcode）\Debug\link.9060.read.1.tlog
F:\algrithmC++\palidrome（leetcode）\palidrome（leetcode）\Debug\link.9060.write.1.tlog
F:\algrithmC++\palidrome（leetcode）\palidrome（leetcode）\Debug\link.command.1.tlog
F:\algrithmC++\palidrome（leetcode）\palidrome（leetcode）\Debug\link.read.1.tlog
F:\algrithmC++\palidrome（leetcode）\palidrome（leetcode）\Debug\link.write.1.tlog
F:\algrithmC++\palidrome（leetcode）\palidrome（leetcode）\Debug\palidrome（leetcode）.pch
F:\algrithmC++\palidrome（leetcode）\palidrome（leetcode）\Debug\vc110.idb
F:\algrithmC++\palidrome（leetcode）\palidrome（leetcode）\Debug\vc110.pdb
F:\algrithmC++\palidrome（leetcode）\Debug\palidrome（leetcode）.pdb
F:\algrithmC++\palidrome（leetcode）\Debug\palidrome（leetcode）.exe
F:\algrithmC++\palidrome（leetcode）\Debug\palidrome（leetcode）.ilk
