F:\ALGORITHMC++\ALGORITHM\QUICKSORT\QUICKSORT\DEBUG\QUICKSORT.PCH
F:\ALGORITHMC++\ALGORITHM\QUICKSORT\QUICKSORT\DEBUG\STDAFX.OBJ
F:\ALGORITHMC++\ALGORITHM\QUICKSORT\QUICKSORT\DEBUG\VC110.PDB
F:\ALGORITHMC++\ALGORITHM\QUICKSORT\QUICKSORT\DEBUG\QUICKSORT.OBJ
F:\algorithmC++\algorithm\QuickSort\QuickSort\Debug\QuickSort.obj
F:\algorithmC++\algorithm\QuickSort\QuickSort\Debug\stdafx.obj
F:\algorithmC++\algorithm\QuickSort\QuickSort\Debug\cl.command.1.tlog
F:\algorithmC++\algorithm\QuickSort\QuickSort\Debug\CL.read.1.tlog
F:\algorithmC++\algorithm\QuickSort\QuickSort\Debug\CL.write.1.tlog
F:\algorithmC++\algorithm\QuickSort\QuickSort\Debug\link-cvtres.read.1.tlog
F:\algorithmC++\algorithm\QuickSort\QuickSort\Debug\link-cvtres.write.1.tlog
F:\algorithmC++\algorithm\QuickSort\QuickSort\Debug\link-rc.read.1.tlog
F:\algorithmC++\algorithm\QuickSort\QuickSort\Debug\link-rc.write.1.tlog
F:\algorithmC++\algorithm\QuickSort\QuickSort\Debug\link.command.1.tlog
F:\algorithmC++\algorithm\QuickSort\QuickSort\Debug\link.read.1.tlog
F:\algorithmC++\algorithm\QuickSort\QuickSort\Debug\link.write.1.tlog
F:\algorithmC++\algorithm\QuickSort\QuickSort\Debug\QuickSort.exe.embed.manifest
F:\algorithmC++\algorithm\QuickSort\QuickSort\Debug\QuickSort.exe.intermediate.manifest
F:\algorithmC++\algorithm\QuickSort\QuickSort\Debug\QuickSort.exe.embed.manifest.res
F:\algorithmC++\algorithm\QuickSort\QuickSort\Debug\QuickSort.pch
F:\algorithmC++\algorithm\QuickSort\QuickSort\Debug\vc110.idb
F:\algorithmC++\algorithm\QuickSort\QuickSort\Debug\vc90.idb
F:\algorithmC++\algorithm\QuickSort\QuickSort\Debug\vc110.pdb
F:\algorithmC++\algorithm\QuickSort\QuickSort\Debug\vc90.pdb
F:\algorithmC++\algorithm\QuickSort\Debug\QuickSort.pdb
