F:\ALGRITHMC++\CONVERT SORTED LIST TO BINARY SEARCH TREE(LEETCODE)\CONVERT SORTED LIST TO BINARY SEARCH TREE(LEETCODE)\DEBUG\MAIN.OBJ
F:\ALGRITHMC++\CONVERT SORTED LIST TO BINARY SEARCH TREE(LEETCODE)\CONVERT SORTED LIST TO BINARY SEARCH TREE(LEETCODE)\DEBUG\VC110.PDB
F:\ALGRITHMC++\CONVERT SORTED LIST TO BINARY SEARCH TREE(LEETCODE)\DEBUG\CONVERT SORTED LIST TO BINARY SEARCH TREE(LEETCODE).ILK
F:\ALGRITHMC++\CONVERT SORTED LIST TO BINARY SEARCH TREE(LEETCODE)\DEBUG\CONVERT SORTED LIST TO BINARY SEARCH TREE(LEETCODE).EXE
F:\ALGRITHMC++\CONVERT SORTED LIST TO BINARY SEARCH TREE(LEETCODE)\DEBUG\CONVERT SORTED LIST TO BINARY SEARCH TREE(LEETCODE).PDB
F:\algrithmC++\Convert Sorted List to Binary Search Tree(leetcode)\Convert Sorted List to Binary Search Tree(leetcode)\Debug\main.obj
F:\algrithmC++\Convert Sorted List to Binary Search Tree(leetcode)\Convert Sorted List to Binary Search Tree(leetcode)\Debug\cl.command.1.tlog
F:\algrithmC++\Convert Sorted List to Binary Search Tree(leetcode)\Convert Sorted List to Binary Search Tree(leetcode)\Debug\CL.read.1.tlog
F:\algrithmC++\Convert Sorted List to Binary Search Tree(leetcode)\Convert Sorted List to Binary Search Tree(leetcode)\Debug\CL.write.1.tlog
F:\algrithmC++\Convert Sorted List to Binary Search Tree(leetcode)\Convert Sorted List to Binary Search Tree(leetcode)\Debug\link-cvtres.read.1.tlog
F:\algrithmC++\Convert Sorted List to Binary Search Tree(leetcode)\Convert Sorted List to Binary Search Tree(leetcode)\Debug\link-cvtres.write.1.tlog
F:\algrithmC++\Convert Sorted List to Binary Search Tree(leetcode)\Convert Sorted List to Binary Search Tree(leetcode)\Debug\link-rc.read.1.tlog
F:\algrithmC++\Convert Sorted List to Binary Search Tree(leetcode)\Convert Sorted List to Binary Search Tree(leetcode)\Debug\link-rc.write.1.tlog
F:\algrithmC++\Convert Sorted List to Binary Search Tree(leetcode)\Convert Sorted List to Binary Search Tree(leetcode)\Debug\link.command.1.tlog
F:\algrithmC++\Convert Sorted List to Binary Search Tree(leetcode)\Convert Sorted List to Binary Search Tree(leetcode)\Debug\link.read.1.tlog
F:\algrithmC++\Convert Sorted List to Binary Search Tree(leetcode)\Convert Sorted List to Binary Search Tree(leetcode)\Debug\link.write.1.tlog
F:\algrithmC++\Convert Sorted List to Binary Search Tree(leetcode)\Convert Sorted List to Binary Search Tree(leetcode)\Debug\vc110.idb
F:\algrithmC++\Convert Sorted List to Binary Search Tree(leetcode)\Convert Sorted List to Binary Search Tree(leetcode)\Debug\vc110.pdb
F:\algrithmC++\Convert Sorted List to Binary Search Tree(leetcode)\Debug\Convert Sorted List to Binary Search Tree(leetcode).pdb
F:\algrithmC++\Convert Sorted List to Binary Search Tree(leetcode)\Debug\Convert Sorted List to Binary Search Tree(leetcode).exe
F:\algrithmC++\Convert Sorted List to Binary Search Tree(leetcode)\Debug\Convert Sorted List to Binary Search Tree(leetcode).ilk
