F:\ALGRITHMC++\BEST TIME TO BUY AND SELL STOCK\BEST TIME TO BUY AND SELL STOCK\DEBUG\MAIN.OBJ
F:\ALGRITHMC++\BEST TIME TO BUY AND SELL STOCK\BEST TIME TO BUY AND SELL STOCK\DEBUG\VC110.PDB
F:\algrithmC++\Best Time to Buy and Sell Stock\Best Time to Buy and Sell Stock\Debug\main.obj
F:\algrithmC++\Best Time to Buy and Sell Stock\Best Time to Buy and Sell Stock\Debug\cl.command.1.tlog
F:\algrithmC++\Best Time to Buy and Sell Stock\Best Time to Buy and Sell Stock\Debug\CL.read.1.tlog
F:\algrithmC++\Best Time to Buy and Sell Stock\Best Time to Buy and Sell Stock\Debug\CL.write.1.tlog
F:\algrithmC++\Best Time to Buy and Sell Stock\Best Time to Buy and Sell Stock\Debug\link-cvtres.read.1.tlog
F:\algrithmC++\Best Time to Buy and Sell Stock\Best Time to Buy and Sell Stock\Debug\link-cvtres.write.1.tlog
F:\algrithmC++\Best Time to Buy and Sell Stock\Best Time to Buy and Sell Stock\Debug\link-rc.read.1.tlog
F:\algrithmC++\Best Time to Buy and Sell Stock\Best Time to Buy and Sell Stock\Debug\link-rc.write.1.tlog
F:\algrithmC++\Best Time to Buy and Sell Stock\Best Time to Buy and Sell Stock\Debug\link.5672-cvtres.read.1.tlog
F:\algrithmC++\Best Time to Buy and Sell Stock\Best Time to Buy and Sell Stock\Debug\link.5672-cvtres.write.1.tlog
F:\algrithmC++\Best Time to Buy and Sell Stock\Best Time to Buy and Sell Stock\Debug\link.5672-rc.read.1.tlog
F:\algrithmC++\Best Time to Buy and Sell Stock\Best Time to Buy and Sell Stock\Debug\link.5672-rc.write.1.tlog
F:\algrithmC++\Best Time to Buy and Sell Stock\Best Time to Buy and Sell Stock\Debug\link.5672.read.1.tlog
F:\algrithmC++\Best Time to Buy and Sell Stock\Best Time to Buy and Sell Stock\Debug\link.5672.write.1.tlog
F:\algrithmC++\Best Time to Buy and Sell Stock\Best Time to Buy and Sell Stock\Debug\link.command.1.tlog
F:\algrithmC++\Best Time to Buy and Sell Stock\Best Time to Buy and Sell Stock\Debug\link.read.1.tlog
F:\algrithmC++\Best Time to Buy and Sell Stock\Best Time to Buy and Sell Stock\Debug\link.write.1.tlog
F:\algrithmC++\Best Time to Buy and Sell Stock\Best Time to Buy and Sell Stock\Debug\vc110.idb
F:\algrithmC++\Best Time to Buy and Sell Stock\Best Time to Buy and Sell Stock\Debug\vc110.pdb
F:\algrithmC++\Best Time to Buy and Sell Stock\Debug\Best Time to Buy and Sell Stock.pdb
F:\algrithmC++\Best Time to Buy and Sell Stock\Debug\Best Time to Buy and Sell Stock.exe
F:\algrithmC++\Best Time to Buy and Sell Stock\Debug\Best Time to Buy and Sell Stock.ilk
